MDP_Team9-Bluetooth-Testing-Test/app/build/intermediates/manifest_merge_blame_file/debug/manifest-merger-blame-debug-report.txt
1<?xml version="1.0" encoding="utf-8"?>
2<manifest xmlns:android="http://schemas.android.com/apk/res/android"
3    package="com.example.mdpandroid"
4    android:versionCode="1"
5    android:versionName="1.0" >
6
7    <uses-sdk
8        android:minSdkVersion="21"
8-->src/main/AndroidManifest.xml
9        android:targetSdkVersion="28" />
9-->src/main/AndroidManifest.xml
10
11    <uses-permission android:name="android.permission.BLUETOOTH" />
11-->src/main/AndroidManifest.xml:5:5-68
11-->src/main/AndroidManifest.xml:5:22-65
12    <uses-permission android:name="android.permission.BLUETOOTH_ADMIN" />
12-->src/main/AndroidManifest.xml:6:5-74
12-->src/main/AndroidManifest.xml:6:22-71
13    <uses-permission android:name="android.permission.ACCESS_COARSE_LOCATION" />
13-->src/main/AndroidManifest.xml:7:5-81
13-->src/main/AndroidManifest.xml:7:22-78
14
15    <application
15-->src/main/AndroidManifest.xml:9:5-37:19
16        android:allowBackup="true"
16-->src/main/AndroidManifest.xml:10:9-35
17        android:appComponentFactory="androidx.core.app.CoreComponentFactory"
17-->[androidx.core:core:1.0.0] AndroidManifest.xml:22:18-86
18        android:debuggable="true"
19        android:icon="@mipmap/ic_logo"
19-->src/main/AndroidManifest.xml:11:9-39
20        android:label="@string/app_name"
20-->src/main/AndroidManifest.xml:12:9-41
21        android:roundIcon="@mipmap/ic_logo_round"
21-->src/main/AndroidManifest.xml:13:9-50
22        android:supportsRtl="true"
22-->src/main/AndroidManifest.xml:14:9-35
23        android:testOnly="true"
24        android:theme="@style/Theme.MDP13CTRLer" >
24-->src/main/AndroidManifest.xml:15:9-49
25        <activity
25-->src/main/AndroidManifest.xml:17:9-19:40
26            android:name="com.example.mdpandroid.start.Bluetoothconnection"
26-->src/main/AndroidManifest.xml:18:13-54
27            android:exported="false" />
27-->src/main/AndroidManifest.xml:19:13-37
28        <activity
28-->src/main/AndroidManifest.xml:21:9-29:20
29            android:name="com.example.mdpandroid.start.StartedActivity"
29-->src/main/AndroidManifest.xml:22:13-50
30            android:exported="true" >
30-->src/main/AndroidManifest.xml:23:13-36
31            <intent-filter>
31-->src/main/AndroidManifest.xml:24:13-28:29
32                <action android:name="android.intent.action.MAIN" />
32-->src/main/AndroidManifest.xml:25:17-69
32-->src/main/AndroidManifest.xml:25:25-66
33
34                <category android:name="android.intent.category.LAUNCHER" />
34-->src/main/AndroidManifest.xml:27:17-77
34-->src/main/AndroidManifest.xml:27:27-74
35            </intent-filter>
36        </activity>
37        <activity
37-->src/main/AndroidManifest.xml:31:9-35:20
38            android:name="com.example.mdpandroid.MainActivity"
38-->src/main/AndroidManifest.xml:32:13-41
39            android:windowSoftInputMode="adjustNothing" >
39-->src/main/AndroidManifest.xml:33:13-56
40        </activity>
41    </application>
42
43</manifest>